<?xml version="1.0" encoding="UTF-8"?>
<!-- Generated by org.testng.reporters.JUnitReportReporter -->
<testsuite hostname="DESKTOP-I3BGM4H" failures="0" tests="4" name="testEndPoints.GoRestEndPointTest" time="4.276" errors="0" timestamp="2024-01-30T17:26:35 IST" skipped="0">
  <testcase classname="testEndPoints.GoRestEndPointTest" name="testPostRequest" time="3.299"/>
  <system-out/>
  <testcase classname="testEndPoints.GoRestEndPointTest" name="testGetRequest" time="0.295"/>
  <system-out/>
  <testcase classname="testEndPoints.GoRestEndPointTest" name="testPatchRequest" time="0.355"/>
  <system-out/>
  <testcase classname="testEndPoints.GoRestEndPointTest" name="testDeleteRequest" time="0.327"/>
  <system-out/>
</testsuite> <!-- testEndPoints.GoRestEndPointTest -->
