<?xml version="1.0" encoding="UTF-8"?>
<!-- Generated by org.testng.reporters.JUnitReportReporter -->
<testsuite hostname="DESKTOP-I3BGM4H" failures="0" tests="4" name="testEndPoints.GoRestEndPointTest" time="7.643" errors="0" timestamp="2024-01-30T15:19:38 IST" skipped="0">
  <testcase classname="testEndPoints.GoRestEndPointTest" name="testPostRequest" time="6.293"/>
  <system-out/>
  <testcase classname="testEndPoints.GoRestEndPointTest" name="testGetRequest" time="0.355"/>
  <system-out/>
  <testcase classname="testEndPoints.GoRestEndPointTest" name="testPatchRequest" time="0.536"/>
  <system-out/>
  <testcase classname="testEndPoints.GoRestEndPointTest" name="testDeleteRequest" time="0.459"/>
  <system-out/>
</testsuite> <!-- testEndPoints.GoRestEndPointTest -->
